<?xml version="1.0" encoding="UTF-8"?>
<!-- Generated by org.testng.reporters.JUnitReportReporter -->
<testsuite skipped="0" hostname="DESKTOP-57JD9T5" name="ModuleTestBySpeciality" tests="5" failures="0" timestamp="2021-02-10T12:07:20 CET" time="25.214" errors="0">
  <testcase name="testhomepage" time="1.534" classname="ModuleTestBySpeciality"/>
  <system-out/>
  <testcase name="testsubmitBynamebyspeciality" time="10.183" classname="ModuleTestBySpeciality"/>
  <system-out/>
  <testcase name="testsubmitbuttonisdisabledwithblankvalues" time="0.501" classname="ModuleTestBySpeciality"/>
  <system-out/>
  <testcase name="testpatientmandatoryfields" time="5.368" classname="ModuleTestBySpeciality"/>
  <system-out/>
  <testcase name="testappointmentmandatoryfields" time="7.628" classname="ModuleTestBySpeciality"/>
  <system-out/>
</testsuite> <!-- ModuleTestBySpeciality -->
